ERROR:app:Error processing 1/1765459329188_297879_7696as_attendance.csv: S3 operation failed; code: NoSuchKey, message: Object does not exist, resource: /privacy-documents/1/1765459329188_297879_7696as_attendance.csv, request_id: 18806C6FF282ABE6, host_id: dd9025bab4ad464b049177c95eb6ebf374d3b3fd1af9251148b658df7ac2e3e8, bucket_name: privacy-documents, object_name: 1/1765459329188_297879_7696as_attendance.csv
INFO:app:Processing job: {'type': 'file', 'key': '1/1765459329188_297878_t3ekqm_attendance.csv', 'filename': 'attendance.csv', 'org_id': 1, 'document_id': 520967}
INFO:app:Processing job: {'type': 'file', 'key': '1/1765459329188_297876_dvwcaa_attendance.csv', 'filename': 'attendance.csv', 'org_id': 1, 'document_id': 520965}
ERROR:app:Error processing 1/1765459329188_297878_t3ekqm_attendance.csv: S3 operation failed; code: NoSuchKey, message: Object does not exist, resource: /privacy-documents/1/1765459329188_297878_t3ekqm_attendance.csv, request_id: 18806C6FF2EFF8F6, host_id: dd9025bab4ad464b049177c95eb6ebf374d3b3fd1af9251148b658df7ac2e3e8, bucket_name: privacy-documents, object_name: 1/1765459329188_297878_t3ekqm_attendance.csv
INFO:app:Processing job: {'type': 'file', 'key': '1/1765459329188_297875_syoa19_attendance.csv', 'filename': 'attendance.csv', 'org_id': 1, 'document_id': 520964}
ERROR:app:Error processing 1/1765459329188_297876_dvwcaa_attendance.csv: S3 operation failed; code: NoSuchKey, message: Object does not exist, resource: /privacy-documents/1/1765459329188_297876_dvwcaa_attendance.csv, request_id: 18806C6FF304A6B6, host_id: dd9025bab4ad464b049177c95eb6ebf374d3b3fd1af9251148b658df7ac2e3e8, bucket_name: privacy-documents, object_name: 1/1765459329188_297876_dvwcaa_attendance.csv
INFO:app:Processing job: {'type': 'file', 'key': '1/1765459329188_297874_whmrs7_attendance.csv', 'filename': 'attendance.csv', 'org_id': 1, 'document_id': 520963}
ERROR:app:Error processing 1/1765459329188_297875_syoa19_attendance.csv: S3 operation failed; code: NoSuchKey, message: Object does not exist, resource: /privacy-documents/1/1765459329188_297875_syoa19_attendance.csv, request_id: 18806C6FF3607D6B, host_id: dd9025bab4ad464b049177c95eb6ebf374d3b3fd1af9251148b658df7ac2e3e8, bucket_name: privacy-documents, object_name: 1/1765459329188_297875_syoa19_attendance.csv
ERROR:app:Error processing 1/1765459329188_297874_whmrs7_attendance.csv: S3 operation failed; code: NoSuchKey, message: Object does not exist, resource: /privacy-documents/1/1765459329188_297874_whmrs7_attendance.csv, request_id: 18806C6FF388E6D2, host_id: dd9025bab4ad464b049177c95eb6ebf374d3b3fd1af9251148b658df7ac2e3e8, bucket_name: privacy-documents, object_name: 1/1765459329188_297874_whmrs7_attendance.csv
INFO:app:Processing job: {'type': 'file', 'key': '1/1765459329188_297872_b7a86f_attendance.csv', 'filename': 'attendance.csv', 'org_id': 1, 'document_id': 520961}
INFO:app:Processing job: {'type': 'file', 'key': '1/1765459329188_297871_11z91a_attendance.csv', 'filename': 'attendance.csv', 'org_id': 1, 'document_id': 520960}
ERROR:app:Error processing 1/1765459329188_297872_b7a86f_attendance.csv: S3 operation failed; code: NoSuchKey, message: Object does not exist, resource: /privacy-documents/1/1765459329188_297872_b7a86f_attendance.csv, request_id: 18806C6FF3F8CCC5, host_id: dd9025bab4ad464b049177c95eb6ebf374d3b3fd1af9251148b658df7ac2e3e8, bucket_name: privacy-documents, object_name: 1/1765459329188_297872_b7a86f_attendance.csv
ERROR:app:Error processing 1/1765459329188_297871_11z91a_attendance.csv: S3 operation failed; code: NoSuchKey, message: Object does not exist, resource: /privacy-documents/1/1765459329188_297871_11z91a_attendance.csv, request_id: 18806C6FF4180F07, host_id: dd9025bab4ad464b049177c95eb6ebf374d3b3fd1af9251148b658df7ac2e3e8, bucket_name: privacy-documents, object_name: 1/1765459329188_297871_11z91a_attendance.csv
INFO:app:Processing job: {'type': 'file', 'key': '1/1765459329188_297870_zqe9bk_attendance.csv', 'filename': 'attendance.csv', 'org_id': 1, 'document_id': 520959}
INFO:app:Processing job: {'type': 'file', 'key': '1/1765459329188_297869_moqhe_attendance.csv', 'filename': 'attendance.csv', 'org_id': 1, 'document_id': 520958}
ERROR:app:Error processing 1/1765459329188_297870_zqe9bk_attendance.csv: S3 operation failed; code: NoSuchKey, message: Object does not exist, resource: /privacy-documents/1/1765459329188_297870_zqe9bk_attendance.csv, request_id: 18806C6FF46AAD4C, host_id: dd9025bab4ad464b049177c95eb6ebf374d3b3fd1af9251148b658df7ac2e3e8, bucket_name: privacy-documents, object_name: 1/1765459329188_297870_zqe9bk_attendance.csv
ERROR:app:Error processing 1/1765459329188_297869_moqhe_attendance.csv: S3 operation failed; code: NoSuchKey, message: Object does not exist, resource: /privacy-documents/1/1765459329188_297869_moqhe_attendance.csv, request_id: 18806C6FF48A438E, host_id: dd9025bab4ad464b049177c95eb6ebf374d3b3fd1af9251148b658df7ac2e3e8, bucket_name: privacy-documents, object_name: 1/1765459329188_297869_moqhe_attendance.csv
INFO:app:Processing job: {'type': 'file', 'key': '1/1765459329188_297868_fkyljg_attendance.csv', 'filename': 'attendance.csv', 'org_id': 1, 'document_id': 520957}
INFO:app:Processing job: {'type': 'file', 'key': '1/1765459329188_297867_0pfvwd_attendance.csv', 'filename': 'attendance.csv', 'org_id': 1, 'document_id': 520956}
ERROR:app:Error processing 1/1765459329188_297868_fkyljg_attendance.csv: S3 operation failed; code: NoSuchKey, message: Object does not exist, resource: /privacy-documents/1/1765459329188_297868_fkyljg_attendance.csv, request_id: 18806C6FF5054970, host_id: dd9025bab4ad464b049177c95eb6ebf374d3b3fd1af9251148b658df7ac2e3e8, bucket_name: privacy-documents, object_name: 1/1765459329188_297868_fkyljg_attendance.csv
ERROR:app:Error processing 1/1765459329188_297867_0pfvwd_attendance.csv: S3 operation failed; code: NoSuchKey, message: Object does not exist, resource: /privacy-documents/1/1765459329188_297867_0pfvwd_attendance.csv, request_id: 18806C6FF51E1C3A, host_id: dd9025bab4ad464b049177c95eb6ebf374d3b3fd1af9251148b658df7ac2e3e8, bucket_name: privacy-documents, object_name: 1/1765459329188_297867_0pfvwd_attendance.csv
INFO:app:Processing job: {'type': 'file', 'key': '1/1765459329188_297865_nstqwp_attendance.csv', 'filename': 'attendance.csv', 'org_id': 1, 'document_id': 520954}
INFO:app:Processing job: {'type': 'file', 'key': '1/1765459329188_297864_ncj6sk_attendance.csv', 'filename': 'attendance.csv', 'org_id': 1, 'document_id': 520953}
ERROR:app:Error processing 1/1765459329188_297865_nstqwp_attendance.csv: S3 operation failed; code: NoSuchKey, message: Object does not exist, resource: /privacy-documents/1/1765459329188_297865_nstqwp_attendance.csv, request_id: 18806C6FF56710E1, host_id: dd9025bab4ad464b049177c95eb6ebf374d3b3fd1af9251148b658df7ac2e3e8, bucket_name: privacy-documents, object_name: 1/1765459329188_297865_nstqwp_attendance.csv
ERROR:app:Error processing 1/1765459329188_297864_ncj6sk_attendance.csv: S3 operation failed; code: NoSuchKey, message: Object does not exist, resource: /privacy-documents/1/1765459329188_297864_ncj6sk_attendance.csv, request_id: 18806C6FF57452F6, host_id: dd9025bab4ad464b049177c95eb6ebf374d3b3fd1af9251148b658df7ac2e3e8, bucket_name: privacy-documents, object_name: 1/1765459329188_297864_ncj6sk_attendance.csv
INFO:app:Processing job: {'type': 'file', 'key': '1/1765459329188_297863_n3gu4_attendance.csv', 'filename': 'attendance.csv', 'org_id': 1, 'document_id': 520952}
INFO:app:Processing job: {'type': 'file', 'key': '1/1765459329188_297861_y975b4_attendance.csv', 'filename': 'attendance.csv', 'org_id': 1, 'document_id': 520950}
ERROR:app:Error processing 1/1765459329188_297863_n3gu4_attendance.csv: S3 operation failed; code: NoSuchKey, message: Object does not exist, resource: /privacy-documents/1/1765459329188_297863_n3gu4_attendance.csv, request_id: 18806C6FF5CD3A7F, host_id: dd9025bab4ad464b049177c95eb6ebf374d3b3fd1af9251148b658df7ac2e3e8, bucket_name: privacy-documents, object_name: 1/1765459329188_297863_n3gu4_attendance.csv
ERROR:app:Error processing 1/1765459329188_297861_y975b4_attendance.csv: S3 operation failed; code: NoSuchKey, message: Object does not exist, resource: /privacy-documents/1/1765459329188_297861_y975b4_attendance.csv, request_id: 18806C6FF5E69C57, host_id: dd9025bab4ad464b049177c95eb6ebf374d3b3fd1af9251148b658df7ac2e3e8, bucket_name: privacy-documents, object_name: 1/1765459329188_297861_y975b4_attendance.csv
INFO:app:Processing job: {'type': 'file', 'key': '1/1765459329188_297860_fd8fxb_attendance.csv', 'filename': 'attendance.csv', 'org_id': 1, 'document_id': 520949}
INFO:app:Processing job: {'type': 'file', 'key': '1/1765459329188_297859_bsceqom_attendance.csv', 'filename': 'attendance.csv', 'org_id': 1, 'document_id': 520948}
ERROR:app:Error processing 1/1765459329188_297860_fd8fxb_attendance.csv: S3 operation failed; code: NoSuchKey, message: Object does not exist, resource: /privacy-documents/1/1765459329188_297860_fd8fxb_attendance.csv, request_id: 18806C6FF6218BB5, host_id: dd9025bab4ad464b049177c95eb6ebf374d3b3fd1af9251148b658df7ac2e3e8, bucket_name: privacy-documents, object_name: 1/1765459329188_297860_fd8fxb_attendance.csv
ERROR:app:Error processing 1/1765459329188_297859_bsceqom_attendance.csv: S3 operation failed; code: NoSuchKey, message: Object does not exist, resource: /privacy-documents/1/1765459329188_297859_bsceqom_attendance.csv, request_id: 18806C6FF6374516, host_id: dd9025bab4ad464b049177c95eb6ebf374d3b3fd1af9251148b658df7ac2e3e8, bucket_name: privacy-documents, object_name: 1/1765459329188_297859_bsceqom_attendance.csv
INFO:app:Processing job: {'type': 'file', 'key': '1/1765459329188_297858_wc8kvn_attendance.csv', 'filename': 'attendance.csv', 'org_id': 1, 'document_id': 520947}
INFO:app:Processing job: {'type': 'file', 'key': '1/1765459329188_297856_8v1y18_attendance.csv', 'filename': 'attendance.csv', 'org_id': 1, 'document_id': 520945}
ERROR:app:Error processing 1/1765459329188_297858_wc8kvn_attendance.csv: S3 operation failed; code: NoSuchKey, message: Object does not exist, resource: /privacy-documents/1/1765459329188_297858_wc8kvn_attendance.csv, request_id: 18806C6FF67579B7, host_id: dd9025bab4ad464b049177c95eb6ebf374d3b3fd1af9251148b658df7ac2e3e8, bucket_name: privacy-documents, object_name: 1/1765459329188_297858_wc8kvn_attendance.csv
ERROR:app:Error processing 1/1765459329188_297856_8v1y18_attendance.csv: S3 operation failed; code: NoSuchKey, message: Object does not exist, resource: /privacy-documents/1/1765459329188_297856_8v1y18_attendance.csv, request_id: 18806C6FF693DA1B, host_id: dd9025bab4ad464b049177c95eb6ebf374d3b3fd1af9251148b658df7ac2e3e8, bucket_name: privacy-documents, object_name: 1/1765459329188_297856_8v1y18_attendance.csv
INFO:app:Processing job: {'type': 'file', 'key': '1/1765459329188_297855_q9tznm_attendance.csv', 'filename': 'attendance.csv', 'org_id': 1, 'document_id': 520944}
INFO:app:Processing job: {'type': 'file', 'key': '1/1765459329188_297853_pkwxw_attendance.csv', 'filename': 'attendance.csv', 'org_id': 1, 'document_id': 520942}
ERROR:app:Error processing 1/1765459329188_297855_q9tznm_attendance.csv: S3 operation failed; code: NoSuchKey, message: Object does not exist, resource: /privacy-documents/1/1765459329188_297855_q9tznm_attendance.csv, request_id: 18806C6FF6F7DABD, host_id: dd9025bab4ad464b049177c95eb6ebf374d3b3fd1af9251148b658df7ac2e3e8, bucket_name: privacy-documents, object_name: 1/1765459329188_297855_q9tznm_attendance.csv
ERROR:app:Error processing 1/1765459329188_297853_pkwxw_attendance.csv: S3 operation failed; code: NoSuchKey, message: Object does not exist, resource: /privacy-documents/1/1765459329188_297853_pkwxw_attendance.csv, request_id: 18806C6FF71A2712, host_id: dd9025bab4ad464b049177c95eb6ebf374d3b3fd1af9251148b658df7ac2e3e8, bucket_name: privacy-documents, object_name: 1/1765459329188_297853_pkwxw_attendance.csv
INFO:app:Processing job: {'type': 'file', 'key': '1/1765459329188_297852_gz6nqa_attendance.csv', 'filename': 'attendance.csv', 'org_id': 1, 'document_id': 520941}
INFO:app:Processing job: {'type': 'file', 'key': '1/1765459329188_297851_tuyv2_attendance.csv', 'filename': 'attendance.csv', 'org_id': 1, 'document_id': 520940}
ERROR:app:Error processing 1/1765459329188_297852_gz6nqa_attendance.csv: S3 operation failed; code: NoSuchKey, message: Object does not exist, resource: /privacy-documents/1/1765459329188_297852_gz6nqa_attendance.csv, request_id: 18806C6FF7622D49, host_id: dd9025bab4ad464b049177c95eb6ebf374d3b3fd1af9251148b658df7ac2e3e8, bucket_name: privacy-documents, object_name: 1/1765459329188_297852_gz6nqa_attendance.csv
ERROR:app:Error processing 1/1765459329188_297851_tuyv2_attendance.csv: S3 operation failed; code: NoSuchKey, message: Object does not exist, resource: /privacy-documents/1/1765459329188_297851_tuyv2_attendance.csv, request_id: 18806C6FF77C727D, host_id: dd9025bab4ad464b049177c95eb6ebf374d3b3fd1af9251148b658df7ac2e3e8, bucket_name: privacy-documents, object_name: 1/1765459329188_297851_tuyv2_attendance.csv
INFO:app:Processing job: {'type': 'file', 'key': '1/1765459329188_297850_d3pllj_attendance.csv', 'filename': 'attendance.csv', 'org_id': 1, 'document_id': 520939}
INFO:app:Processing job: {'type': 'file', 'key': '1/1765459329188_297849_hvu9dm_attendance.csv', 'filename': 'attendance.csv', 'org_id': 1, 'document_id': 520938}
ERROR:app:Error processing 1/1765459329188_297850_d3pllj_attendance.csv: S3 operation failed; code: NoSuchKey, message: Object does not exist, resource: /privacy-documents/1/1765459329188_297850_d3pllj_attendance.csv, request_id: 18806C6FF7E3AEFA, host_id: dd9025bab4ad464b049177c95eb6ebf374d3b3fd1af9251148b658df7ac2e3e8, bucket_name: privacy-documents, object_name: 1/1765459329188_297850_d3pllj_attendance.csv
ERROR:app:Error processing 1/1765459329188_297849_hvu9dm_attendance.csv: S3 operation failed; code: NoSuchKey, message: Object does not exist, resource: /privacy-documents/1/1765459329188_297849_hvu9dm_attendance.csv, request_id: 18806C6FF7F8B1FF, host_id: dd9025bab4ad464b049177c95eb6ebf374d3b3fd1af9251148b658df7ac2e3e8, bucket_name: privacy-documents, object_name: 1/1765459329188_297849_hvu9dm_attendance.csv
INFO:app:Processing job: {'type': 'file', 'key': '1/1765459329188_297847_5kt6tt_attendance.csv', 'filename': 'attendance.csv', 'org_id': 1, 'document_id': 520936}
