ERROR:app:Error processing 1/1765459329188_328991_vhout7_attendance.csv: S3 operation failed; code: NoSuchKey, message: Object does not exist, resource: /privacy-documents/1/1765459329188_328991_vhout7_attendance.csv, request_id: 18806C54B1A15390, host_id: dd9025bab4ad464b049177c95eb6ebf374d3b3fd1af9251148b658df7ac2e3e8, bucket_name: privacy-documents, object_name: 1/1765459329188_328991_vhout7_attendance.csv
INFO:app:Processing job: {'type': 'file', 'key': '1/1765459329188_328990_r60x5_attendance.csv', 'filename': 'attendance.csv', 'org_id': 1, 'document_id': 552079}
INFO:app:Processing job: {'type': 'file', 'key': '1/1765459329188_328989_8u2xfj_attendance.csv', 'filename': 'attendance.csv', 'org_id': 1, 'document_id': 552078}
ERROR:app:Error processing 1/1765459329188_328990_r60x5_attendance.csv: S3 operation failed; code: NoSuchKey, message: Object does not exist, resource: /privacy-documents/1/1765459329188_328990_r60x5_attendance.csv, request_id: 18806C54B21DC560, host_id: dd9025bab4ad464b049177c95eb6ebf374d3b3fd1af9251148b658df7ac2e3e8, bucket_name: privacy-documents, object_name: 1/1765459329188_328990_r60x5_attendance.csv
ERROR:app:Error processing 1/1765459329188_328989_8u2xfj_attendance.csv: S3 operation failed; code: NoSuchKey, message: Object does not exist, resource: /privacy-documents/1/1765459329188_328989_8u2xfj_attendance.csv, request_id: 18806C54B249EE99, host_id: dd9025bab4ad464b049177c95eb6ebf374d3b3fd1af9251148b658df7ac2e3e8, bucket_name: privacy-documents, object_name: 1/1765459329188_328989_8u2xfj_attendance.csv
INFO:app:Processing job: {'type': 'file', 'key': '1/1765459329188_328988_s8r2pp_attendance.csv', 'filename': 'attendance.csv', 'org_id': 1, 'document_id': 552077}
INFO:app:Processing job: {'type': 'file', 'key': '1/1765459329188_328987_24xbv2_attendance.csv', 'filename': 'attendance.csv', 'org_id': 1, 'document_id': 552076}
ERROR:app:Error processing 1/1765459329188_328988_s8r2pp_attendance.csv: S3 operation failed; code: NoSuchKey, message: Object does not exist, resource: /privacy-documents/1/1765459329188_328988_s8r2pp_attendance.csv, request_id: 18806C54B2B8DC1C, host_id: dd9025bab4ad464b049177c95eb6ebf374d3b3fd1af9251148b658df7ac2e3e8, bucket_name: privacy-documents, object_name: 1/1765459329188_328988_s8r2pp_attendance.csv
ERROR:app:Error processing 1/1765459329188_328987_24xbv2_attendance.csv: S3 operation failed; code: NoSuchKey, message: Object does not exist, resource: /privacy-documents/1/1765459329188_328987_24xbv2_attendance.csv, request_id: 18806C54B2DB3847, host_id: dd9025bab4ad464b049177c95eb6ebf374d3b3fd1af9251148b658df7ac2e3e8, bucket_name: privacy-documents, object_name: 1/1765459329188_328987_24xbv2_attendance.csv
INFO:app:Processing job: {'type': 'file', 'key': '1/1765459329188_328986_01uet5_attendance.csv', 'filename': 'attendance.csv', 'org_id': 1, 'document_id': 552075}
INFO:app:Processing job: {'type': 'file', 'key': '1/1765459329188_328985_nyhib_attendance.csv', 'filename': 'attendance.csv', 'org_id': 1, 'document_id': 552074}
ERROR:app:Error processing 1/1765459329188_328986_01uet5_attendance.csv: S3 operation failed; code: NoSuchKey, message: Object does not exist, resource: /privacy-documents/1/1765459329188_328986_01uet5_attendance.csv, request_id: 18806C54B3435338, host_id: dd9025bab4ad464b049177c95eb6ebf374d3b3fd1af9251148b658df7ac2e3e8, bucket_name: privacy-documents, object_name: 1/1765459329188_328986_01uet5_attendance.csv
ERROR:app:Error processing 1/1765459329188_328985_nyhib_attendance.csv: S3 operation failed; code: NoSuchKey, message: Object does not exist, resource: /privacy-documents/1/1765459329188_328985_nyhib_attendance.csv, request_id: 18806C54B3592159, host_id: dd9025bab4ad464b049177c95eb6ebf374d3b3fd1af9251148b658df7ac2e3e8, bucket_name: privacy-documents, object_name: 1/1765459329188_328985_nyhib_attendance.csv
INFO:app:Processing job: {'type': 'file', 'key': '1/1765459329188_328984_s2u8dh_attendance.csv', 'filename': 'attendance.csv', 'org_id': 1, 'document_id': 552073}
INFO:app:Processing job: {'type': 'file', 'key': '1/1765459329188_328983_kcg8il_attendance.csv', 'filename': 'attendance.csv', 'org_id': 1, 'document_id': 552072}
ERROR:app:Error processing 1/1765459329188_328984_s2u8dh_attendance.csv: S3 operation failed; code: NoSuchKey, message: Object does not exist, resource: /privacy-documents/1/1765459329188_328984_s2u8dh_attendance.csv, request_id: 18806C54B3AA0A26, host_id: dd9025bab4ad464b049177c95eb6ebf374d3b3fd1af9251148b658df7ac2e3e8, bucket_name: privacy-documents, object_name: 1/1765459329188_328984_s2u8dh_attendance.csv
ERROR:app:Error processing 1/1765459329188_328983_kcg8il_attendance.csv: S3 operation failed; code: NoSuchKey, message: Object does not exist, resource: /privacy-documents/1/1765459329188_328983_kcg8il_attendance.csv, request_id: 18806C54B3C85E2A, host_id: dd9025bab4ad464b049177c95eb6ebf374d3b3fd1af9251148b658df7ac2e3e8, bucket_name: privacy-documents, object_name: 1/1765459329188_328983_kcg8il_attendance.csv
INFO:app:Processing job: {'type': 'file', 'key': '1/1765459329188_328982_dh8j9e_attendance.csv', 'filename': 'attendance.csv', 'org_id': 1, 'document_id': 552071}
INFO:app:Processing job: {'type': 'file', 'key': '1/1765459329188_328981_7q79pa_attendance.csv', 'filename': 'attendance.csv', 'org_id': 1, 'document_id': 552070}
ERROR:app:Error processing 1/1765459329188_328982_dh8j9e_attendance.csv: S3 operation failed; code: NoSuchKey, message: Object does not exist, resource: /privacy-documents/1/1765459329188_328982_dh8j9e_attendance.csv, request_id: 18806C54B407F40B, host_id: dd9025bab4ad464b049177c95eb6ebf374d3b3fd1af9251148b658df7ac2e3e8, bucket_name: privacy-documents, object_name: 1/1765459329188_328982_dh8j9e_attendance.csv
ERROR:app:Error processing 1/1765459329188_328981_7q79pa_attendance.csv: S3 operation failed; code: NoSuchKey, message: Object does not exist, resource: /privacy-documents/1/1765459329188_328981_7q79pa_attendance.csv, request_id: 18806C54B428757B, host_id: dd9025bab4ad464b049177c95eb6ebf374d3b3fd1af9251148b658df7ac2e3e8, bucket_name: privacy-documents, object_name: 1/1765459329188_328981_7q79pa_attendance.csv
INFO:app:Processing job: {'type': 'file', 'key': '1/1765459329188_328980_jn7sa_attendance.csv', 'filename': 'attendance.csv', 'org_id': 1, 'document_id': 552069}
INFO:app:Processing job: {'type': 'file', 'key': '1/1765459329188_328979_cg8l6_attendance.csv', 'filename': 'attendance.csv', 'org_id': 1, 'document_id': 552068}
ERROR:app:Error processing 1/1765459329188_328980_jn7sa_attendance.csv: S3 operation failed; code: NoSuchKey, message: Object does not exist, resource: /privacy-documents/1/1765459329188_328980_jn7sa_attendance.csv, request_id: 18806C54B4814789, host_id: dd9025bab4ad464b049177c95eb6ebf374d3b3fd1af9251148b658df7ac2e3e8, bucket_name: privacy-documents, object_name: 1/1765459329188_328980_jn7sa_attendance.csv
ERROR:app:Error processing 1/1765459329188_328979_cg8l6_attendance.csv: S3 operation failed; code: NoSuchKey, message: Object does not exist, resource: /privacy-documents/1/1765459329188_328979_cg8l6_attendance.csv, request_id: 18806C54B4AF96D6, host_id: dd9025bab4ad464b049177c95eb6ebf374d3b3fd1af9251148b658df7ac2e3e8, bucket_name: privacy-documents, object_name: 1/1765459329188_328979_cg8l6_attendance.csv
INFO:app:Processing job: {'type': 'file', 'key': '1/1765459329188_328978_52iyu_attendance.csv', 'filename': 'attendance.csv', 'org_id': 1, 'document_id': 552067}
INFO:app:Processing job: {'type': 'file', 'key': '1/1765459329188_328977_sxlw7_attendance.csv', 'filename': 'attendance.csv', 'org_id': 1, 'document_id': 552066}
ERROR:app:Error processing 1/1765459329188_328978_52iyu_attendance.csv: S3 operation failed; code: NoSuchKey, message: Object does not exist, resource: /privacy-documents/1/1765459329188_328978_52iyu_attendance.csv, request_id: 18806C54B5556D89, host_id: dd9025bab4ad464b049177c95eb6ebf374d3b3fd1af9251148b658df7ac2e3e8, bucket_name: privacy-documents, object_name: 1/1765459329188_328978_52iyu_attendance.csv
ERROR:app:Error processing 1/1765459329188_328977_sxlw7_attendance.csv: S3 operation failed; code: NoSuchKey, message: Object does not exist, resource: /privacy-documents/1/1765459329188_328977_sxlw7_attendance.csv, request_id: 18806C54B57A48F4, host_id: dd9025bab4ad464b049177c95eb6ebf374d3b3fd1af9251148b658df7ac2e3e8, bucket_name: privacy-documents, object_name: 1/1765459329188_328977_sxlw7_attendance.csv
INFO:app:Processing job: {'type': 'file', 'key': '1/1765459329188_328976_eo96n_attendance.csv', 'filename': 'attendance.csv', 'org_id': 1, 'document_id': 552065}
INFO:app:Processing job: {'type': 'file', 'key': '1/1765459329188_328975_i56alb_attendance.csv', 'filename': 'attendance.csv', 'org_id': 1, 'document_id': 552064}
ERROR:app:Error processing 1/1765459329188_328976_eo96n_attendance.csv: S3 operation failed; code: NoSuchKey, message: Object does not exist, resource: /privacy-documents/1/1765459329188_328976_eo96n_attendance.csv, request_id: 18806C54B5F86AC7, host_id: dd9025bab4ad464b049177c95eb6ebf374d3b3fd1af9251148b658df7ac2e3e8, bucket_name: privacy-documents, object_name: 1/1765459329188_328976_eo96n_attendance.csv
INFO:app:Processing job: {'type': 'file', 'key': '1/1765459329188_328974_elrmfr_attendance.csv', 'filename': 'attendance.csv', 'org_id': 1, 'document_id': 552063}
ERROR:app:Error processing 1/1765459329188_328975_i56alb_attendance.csv: S3 operation failed; code: NoSuchKey, message: Object does not exist, resource: /privacy-documents/1/1765459329188_328975_i56alb_attendance.csv, request_id: 18806C54B6311893, host_id: dd9025bab4ad464b049177c95eb6ebf374d3b3fd1af9251148b658df7ac2e3e8, bucket_name: privacy-documents, object_name: 1/1765459329188_328975_i56alb_attendance.csv
INFO:app:Processing job: {'type': 'file', 'key': '1/1765459329188_328973_tejs4_attendance.csv', 'filename': 'attendance.csv', 'org_id': 1, 'document_id': 552062}
ERROR:app:Error processing 1/1765459329188_328974_elrmfr_attendance.csv: S3 operation failed; code: NoSuchKey, message: Object does not exist, resource: /privacy-documents/1/1765459329188_328974_elrmfr_attendance.csv, request_id: 18806C54B6A6D684, host_id: dd9025bab4ad464b049177c95eb6ebf374d3b3fd1af9251148b658df7ac2e3e8, bucket_name: privacy-documents, object_name: 1/1765459329188_328974_elrmfr_attendance.csv
ERROR:app:Error processing 1/1765459329188_328973_tejs4_attendance.csv: S3 operation failed; code: NoSuchKey, message: Object does not exist, resource: /privacy-documents/1/1765459329188_328973_tejs4_attendance.csv, request_id: 18806C54B6F88E2A, host_id: dd9025bab4ad464b049177c95eb6ebf374d3b3fd1af9251148b658df7ac2e3e8, bucket_name: privacy-documents, object_name: 1/1765459329188_328973_tejs4_attendance.csv
INFO:app:Processing job: {'type': 'file', 'key': '1/1765459329188_328972_7rny5u_attendance.csv', 'filename': 'attendance.csv', 'org_id': 1, 'document_id': 552061}
INFO:app:Processing job: {'type': 'file', 'key': '1/1765459329188_328971_72kw3_attendance.csv', 'filename': 'attendance.csv', 'org_id': 1, 'document_id': 552060}
ERROR:app:Error processing 1/1765459329188_328972_7rny5u_attendance.csv: S3 operation failed; code: NoSuchKey, message: Object does not exist, resource: /privacy-documents/1/1765459329188_328972_7rny5u_attendance.csv, request_id: 18806C54B790D206, host_id: dd9025bab4ad464b049177c95eb6ebf374d3b3fd1af9251148b658df7ac2e3e8, bucket_name: privacy-documents, object_name: 1/1765459329188_328972_7rny5u_attendance.csv
ERROR:app:Error processing 1/1765459329188_328971_72kw3_attendance.csv: S3 operation failed; code: NoSuchKey, message: Object does not exist, resource: /privacy-documents/1/1765459329188_328971_72kw3_attendance.csv, request_id: 18806C54B7BCF283, host_id: dd9025bab4ad464b049177c95eb6ebf374d3b3fd1af9251148b658df7ac2e3e8, bucket_name: privacy-documents, object_name: 1/1765459329188_328971_72kw3_attendance.csv
INFO:app:Processing job: {'type': 'file', 'key': '1/1765459329188_328970_66mz4x_attendance.csv', 'filename': 'attendance.csv', 'org_id': 1, 'document_id': 552059}
INFO:app:Processing job: {'type': 'file', 'key': '1/1765459329188_328969_coa337_attendance.csv', 'filename': 'attendance.csv', 'org_id': 1, 'document_id': 552058}
ERROR:app:Error processing 1/1765459329188_328970_66mz4x_attendance.csv: S3 operation failed; code: NoSuchKey, message: Object does not exist, resource: /privacy-documents/1/1765459329188_328970_66mz4x_attendance.csv, request_id: 18806C54B83891F7, host_id: dd9025bab4ad464b049177c95eb6ebf374d3b3fd1af9251148b658df7ac2e3e8, bucket_name: privacy-documents, object_name: 1/1765459329188_328970_66mz4x_attendance.csv
INFO:app:Processing job: {'type': 'file', 'key': '1/1765459329188_328968_ktp02_attendance.csv', 'filename': 'attendance.csv', 'org_id': 1, 'document_id': 552057}
ERROR:app:Error processing 1/1765459329188_328969_coa337_attendance.csv: S3 operation failed; code: NoSuchKey, message: Object does not exist, resource: /privacy-documents/1/1765459329188_328969_coa337_attendance.csv, request_id: 18806C54B898652C, host_id: dd9025bab4ad464b049177c95eb6ebf374d3b3fd1af9251148b658df7ac2e3e8, bucket_name: privacy-documents, object_name: 1/1765459329188_328969_coa337_attendance.csv
ERROR:app:Error processing 1/1765459329188_328968_ktp02_attendance.csv: S3 operation failed; code: NoSuchKey, message: Object does not exist, resource: /privacy-documents/1/1765459329188_328968_ktp02_attendance.csv, request_id: 18806C54B8C302CE, host_id: dd9025bab4ad464b049177c95eb6ebf374d3b3fd1af9251148b658df7ac2e3e8, bucket_name: privacy-documents, object_name: 1/1765459329188_328968_ktp02_attendance.csv
INFO:app:Processing job: {'type': 'file', 'key': '1/1765459329188_328967_qz8pqc_attendance.csv', 'filename': 'attendance.csv', 'org_id': 1, 'document_id': 552056}
INFO:app:Processing job: {'type': 'file', 'key': '1/1765459329188_328966_op7edm_attendance.csv', 'filename': 'attendance.csv', 'org_id': 1, 'document_id': 552055}
ERROR:app:Error processing 1/1765459329188_328967_qz8pqc_attendance.csv: S3 operation failed; code: NoSuchKey, message: Object does not exist, resource: /privacy-documents/1/1765459329188_328967_qz8pqc_attendance.csv, request_id: 18806C54B9452A93, host_id: dd9025bab4ad464b049177c95eb6ebf374d3b3fd1af9251148b658df7ac2e3e8, bucket_name: privacy-documents, object_name: 1/1765459329188_328967_qz8pqc_attendance.csv
